
RADDOSE - version 2 

Questions/comments:
elspeth.garman@bioch.ox.ac.uk

For this program cite:
...............................................
Absorbed dose calculations for macromolecular 
crystals: improvements to RADDOSE
Paithankar, K.S., Owen, R.L and Garman, E.F
J. Syn. Rad. (2009)

X-ray absorption by macromolecular crystals:
the effects of wavelength and crystal composition
on absorbed dose
Murray, J.W., Garman, E.F., and Ravelli, R.B.G
J. Appl. Cryst. (2004) 37, 513-522
...............................................


 Unknown keyword: EOF 


 Unknown keyword: 		  

  
Element % contribution to TOTAL absorbed energy
C     15.9
N      8.9
O     48.7
NA     3.7
CL    22.8

Energy (keV)    12.40
Beam non-uniformity intensity correction    1.000
Protein Monomer Concentration (mM)        60.7
Unit Cell Volume (A^3)   219024.0
Crystal Density (g/cm^3)          1.26
Solvent Content (%)               38.0
No. Water Molecules /cell         2606
 
Total absorbed dose (Gy)           0.307E+08
Absorbed dose per image (Gy)       0.307E+08
Diffracted intensity per absorbed dose (arbitrary units)     3.85
Attenuation Coefficient (mm^-1)    0.315
 
Cross-section due to Photoelectric effect (mm^-1)                   0.274
                     Inelastic X-ray (Compton) scattering (mm^-1)   0.021
                     Elastic X-ray (Rayleigh) scattering (mm^-1)     0.021
Absorption Coefficient (mm^-1)    0.27
 
Fraction of beam absorbed by the crystal  1.4%
Fraction of beam seen by the crystal     100%
Fraction of crystal seen by the beam       0%
Absorbed photons per unit cell per dataset      4.28
Absorbed photons per unit cell for experimental dose limit     4.18
System temperature time constant (sec)     0.04
* Temperature rise in the crystal (K)     1.54
  
Number of atoms by type in the unit cell:
  Z  NAME  PROTEIN   SOLVENT  TOTAL
  1   H     8256      5212     13468
  6   C     5160         0      5160
  7   N     1393         0      1393
  8   O     1548      2606      4154
 11   NA       0        75        75
 17   CL       0        75        75
 
DOSE LIMITS:
   Time in sec to reach Henderson limit (20 MGy) calculated from electron diffraction        0
** Time in sec to reach experimental dose limit (30 MGy)        0

Related publications:
* Heating model for temperature rise calculation
Kuzay, T.M., Kazmierczak, M. & Hsieh, B.J. (2001) Acta Cryst D57, 69-81
** Experimental dose limit
Owen, R.L., Rudiño-Piñera, E & Garman, E.F. (2006) PNAS 103, 4912-4917
