 ======================================================================
   Diffraction scan (2011/06/15 [Wed] 18:09:38)
     Detector   CMOS
     Vertical   scan No. of point: 11  step: 0.001000.1 [um]
     Horizontal scan No. of point: 1  step: 0.000000.1 [um]
     Oscillation step: 1.00 [deg], Exp. time: 0.33 [sec]
     Cameralength: 144.00 [mm]

     1      -0.5478    -14.8444     -0.3473
     2      -0.5481    -14.8444     -0.3464
     3      -0.5485    -14.8444     -0.3454
     4      -0.5488    -14.8444     -0.3445
     5      -0.5492    -14.8444     -0.3435
     6      -0.5495    -14.8444     -0.3426
     7      -0.5498    -14.8444     -0.3417
     8      -0.5502    -14.8444     -0.3407
     9      -0.5505    -14.8444     -0.3398
    10      -0.5509    -14.8444     -0.3388
    11      -0.5512    -14.8444     -0.3379
 ======================================================================

 ======================================================================
   Diffraction scan (2011/06/15 [Wed] 18:13:24)
     Detector   CMOS
     Vertical   scan No. of point: 31  step: 0.001000.1 [um]
     Horizontal scan No. of point: 1  step: 0.000000.1 [um]
     Oscillation step: 1.00 [deg], Exp. time: 0.33 [sec]
     Cameralength: 144.00 [mm]

     1      -0.5444    -14.8444     -0.3567
     2      -0.5447    -14.8444     -0.3558
     3      -0.5451    -14.8444     -0.3548
     4      -0.5454    -14.8444     -0.3539
     5      -0.5457    -14.8444     -0.3529
     6      -0.5461    -14.8444     -0.3520
     7      -0.5464    -14.8444     -0.3511
     8      -0.5468    -14.8444     -0.3501
     9      -0.5471    -14.8444     -0.3492
    10      -0.5474    -14.8444     -0.3482
    11      -0.5478    -14.8444     -0.3473
    12      -0.5481    -14.8444     -0.3464
    13      -0.5485    -14.8444     -0.3454
    14      -0.5488    -14.8444     -0.3445
    15      -0.5492    -14.8444     -0.3435
    16      -0.5495    -14.8444     -0.3426
    17      -0.5498    -14.8444     -0.3417
    18      -0.5502    -14.8444     -0.3407
    19      -0.5505    -14.8444     -0.3398
    20      -0.5509    -14.8444     -0.3388
    21      -0.5512    -14.8444     -0.3379
    22      -0.5516    -14.8444     -0.3370
    23      -0.5519    -14.8444     -0.3360
    24      -0.5522    -14.8444     -0.3351
    25      -0.5526    -14.8444     -0.3341
    26      -0.5529    -14.8444     -0.3332
    27      -0.5533    -14.8444     -0.3323
    28      -0.5536    -14.8444     -0.3313
    29      -0.5539    -14.8444     -0.3304
    30      -0.5543    -14.8444     -0.3294
    31      -0.5546    -14.8444     -0.3285
 ======================================================================

 ======================================================================
   Diffraction scan (2011/06/15 [Wed] 18:15:16)
     Detector   CMOS
     Vertical   scan No. of point: 31  step: 0.001000.1 [um]
     Horizontal scan No. of point: 1  step: 0.000000.1 [um]
     Oscillation step: 1.00 [deg], Exp. time: 0.33 [sec]
     Cameralength: 144.00 [mm]

     1      -0.5536    -14.8444     -0.3313
     2      -0.5533    -14.8444     -0.3322
     3      -0.5529    -14.8444     -0.3332
     4      -0.5526    -14.8444     -0.3341
     5      -0.5523    -14.8444     -0.3351
     6      -0.5519    -14.8444     -0.3360
     7      -0.5516    -14.8444     -0.3369
     8      -0.5512    -14.8444     -0.3379
     9      -0.5509    -14.8444     -0.3388
    10      -0.5506    -14.8444     -0.3398
    11      -0.5502    -14.8444     -0.3407
    12      -0.5499    -14.8444     -0.3416
    13      -0.5495    -14.8444     -0.3426
    14      -0.5492    -14.8444     -0.3435
    15      -0.5488    -14.8444     -0.3445
    16      -0.5485    -14.8444     -0.3454
    17      -0.5482    -14.8444     -0.3463
    18      -0.5478    -14.8444     -0.3473
    19      -0.5475    -14.8444     -0.3482
    20      -0.5471    -14.8444     -0.3492
    21      -0.5468    -14.8444     -0.3501
    22      -0.5464    -14.8444     -0.3510
    23      -0.5461    -14.8444     -0.3520
    24      -0.5458    -14.8444     -0.3529
    25      -0.5454    -14.8444     -0.3539
    26      -0.5451    -14.8444     -0.3548
    27      -0.5447    -14.8444     -0.3557
    28      -0.5444    -14.8444     -0.3567
    29      -0.5441    -14.8444     -0.3576
    30      -0.5437    -14.8444     -0.3586
    31      -0.5434    -14.8444     -0.3595
 ======================================================================

